2026-01-14 19:52:25.363+0000 [id=1]	INFO	winstone.Logger#logInternal: Beginning extraction from war file
2026-01-14 19:52:26.813+0000 [id=1]	WARNING	o.e.j.ee9.nested.ContextHandler#setContextPath: Empty contextPath
2026-01-14 19:52:26.862+0000 [id=1]	INFO	org.eclipse.jetty.server.Server#doStart: jetty-12.0.25; built: 2025-08-11T23:52:37.219Z; git: a862b76d8372e24205765182d9ae1d1d333ce2ea; jvm 21.0.5+9-LTS-239
2026-01-14 19:52:31.290+0000 [id=1]	INFO	o.e.j.e.w.StandardDescriptorProcessor#visitServlet: NO JSP Support for /, did not find org.eclipse.jetty.ee9.jsp.JettyJspServlet
2026-01-14 19:52:31.432+0000 [id=1]	INFO	o.e.j.s.DefaultSessionIdManager#doStart: Session workerName=node0
2026-01-14 19:52:32.863+0000 [id=1]	INFO	hudson.WebAppMain#contextInitialized: Jenkins home directory: C:\Users\Marius\AppData\Local\Jenkins\.jenkins found at: EnvVars.masterEnvVars.get("JENKINS_HOME")
2026-01-14 19:52:33.296+0000 [id=1]	INFO	o.e.j.s.handler.ContextHandler#doStart: Started oeje9n.ContextHandler$CoreContextHandler@7b3315a5{Jenkins v2.528.3,/,b=file:///C:/Users/Marius/AppData/Local/Jenkins/war/,a=AVAILABLE,h=oeje9n.ContextHandler$CoreContextHandler$CoreToNestedHandler@8ed9cf{STARTED}}
2026-01-14 19:52:33.384+0000 [id=1]	INFO	o.e.j.server.AbstractConnector#doStart: Started ServerConnector@4f8b4bd0{HTTP/1.1, (http/1.1)}{0.0.0.0:8080}
2026-01-14 19:52:33.419+0000 [id=1]	INFO	org.eclipse.jetty.server.Server#doStart: Started oejs.Server@302f7971{STARTING}[12.0.25,sto=0] @8657ms
2026-01-14 19:52:33.419+0000 [id=41]	INFO	winstone.Logger#logInternal: Winstone Servlet Engine running: controlPort=disabled
2026-01-14 19:52:33.829+0000 [id=40]	INFO	jenkins.model.Jenkins#<init>: Starting version 2.528.3
2026-01-14 19:52:34.185+0000 [id=51]	INFO	jenkins.InitReactorRunner$1#onAttained: Started initialization
2026-01-14 19:52:34.193+0000 [id=72]	INFO	jenkins.InitReactorRunner$1#onAttained: Listed all plugins
2026-01-14 19:52:37.234+0000 [id=62]	INFO	jenkins.InitReactorRunner$1#onAttained: Prepared all plugins
2026-01-14 19:52:37.251+0000 [id=56]	INFO	jenkins.InitReactorRunner$1#onAttained: Started all plugins
2026-01-14 19:52:37.256+0000 [id=50]	INFO	jenkins.InitReactorRunner$1#onAttained: Augmented all extensions
2026-01-14 19:52:37.633+0000 [id=50]	INFO	jenkins.InitReactorRunner$1#onAttained: System config loaded
2026-01-14 19:52:37.633+0000 [id=67]	INFO	jenkins.InitReactorRunner$1#onAttained: System config adapted
2026-01-14 19:52:37.633+0000 [id=71]	INFO	jenkins.InitReactorRunner$1#onAttained: Loaded all jobs
2026-01-14 19:52:37.645+0000 [id=58]	INFO	jenkins.InitReactorRunner$1#onAttained: Configuration for all jobs updated
2026-01-14 19:52:37.724+0000 [id=86]	INFO	hudson.util.Retrier#start: Attempt #1 to do the action check updates server
2026-01-14 19:52:38.374+0000 [id=51]	INFO	jenkins.install.SetupWizard#init: 
[CRLF]> 
[CRLF]> *************************************************************
[CRLF]> *************************************************************
[CRLF]> *************************************************************
[CRLF]> 
[CRLF]> Jenkins initial setup is required. An admin user has been created and a password generated.
[CRLF]> Please use the following password to proceed to installation:
[CRLF]> 
[CRLF]> 2b33923f6f3046238b0f53957158107e
[CRLF]> 
[CRLF]> This may also be found at: C:\Users\Marius\AppData\Local\Jenkins\.jenkins\secrets\initialAdminPassword
[CRLF]> 
[CRLF]> *************************************************************
[CRLF]> *************************************************************
[CRLF]> *************************************************************

2026-01-14 19:52:42.705+0000 [id=51]	INFO	jenkins.InitReactorRunner$1#onAttained: Completed initialization
2026-01-14 19:52:42.733+0000 [id=40]	INFO	hudson.lifecycle.Lifecycle#onReady: Jenkins is fully up and running
2026-01-14 19:52:43.737+0000 [id=86]	INFO	h.m.DownloadService$Downloadable#load: Obtained the updated data file for hudson.tasks.Maven.MavenInstaller
2026-01-14 19:52:43.737+0000 [id=86]	INFO	hudson.util.Retrier#start: Performed the action check updates server successfully at the attempt #1
2026-01-14 19:57:46.650+0000 [id=120]	INFO	hudson.PluginManager#install: Starting installation of a batch of 19 plugins plus their dependencies
2026-01-14 19:57:46.661+0000 [id=120]	INFO	hudson.model.UpdateSite$Plugin#deploy: Adding dependent install of ionicons-api for plugin cloudbees-folder
2026-01-14 19:57:46.663+0000 [id=120]	INFO	hudson.model.UpdateSite$Plugin#deploy: Adding dependent install of commons-lang3-api for plugin ionicons-api
2026-01-14 19:57:46.663+0000 [id=132]	INFO	h.model.UpdateCenter$DownloadJob#run: Starting the installation of commons-lang3-api on behalf of admin
2026-01-14 19:57:46.663+0000 [id=120]	INFO	hudson.model.UpdateSite$Plugin#deploy: Adding dependent install of json-path-api for plugin build-timeout
2026-01-14 19:57:46.663+0000 [id=120]	INFO	hudson.model.UpdateSite$Plugin#deploy: Adding dependent install of asm-api for plugin json-path-api
2026-01-14 19:57:46.663+0000 [id=120]	INFO	hudson.model.UpdateSite$Plugin#deploy: Adding dependent install of token-macro for plugin build-timeout
2026-01-14 19:57:46.663+0000 [id=120]	INFO	hudson.model.UpdateSite$Plugin#deploy: Adding dependent install of workflow-step-api for plugin token-macro
2026-01-14 19:57:46.663+0000 [id=120]	INFO	hudson.model.UpdateSite$Plugin#deploy: Adding dependent install of structs for plugin workflow-step-api
2026-01-14 19:57:46.663+0000 [id=120]	INFO	hudson.model.UpdateSite$Plugin#deploy: Adding dependent install of commons-text-api for plugin token-macro
2026-01-14 19:57:46.663+0000 [id=120]	INFO	hudson.model.UpdateSite$Plugin#deploy: Adding dependent install of plain-credentials for plugin credentials-binding
2026-01-14 19:57:46.663+0000 [id=120]	INFO	hudson.model.UpdateSite$Plugin#deploy: Adding dependent install of credentials for plugin plain-credentials
2026-01-14 19:57:46.663+0000 [id=120]	INFO	hudson.model.UpdateSite$Plugin#deploy: Adding dependent install of bouncycastle-api for plugin credentials
2026-01-14 19:57:46.663+0000 [id=120]	INFO	hudson.model.UpdateSite$Plugin#deploy: Adding dependent install of ssh-credentials for plugin credentials-binding
2026-01-14 19:57:46.663+0000 [id=120]	INFO	hudson.model.UpdateSite$Plugin#deploy: Adding dependent install of variant for plugin ssh-credentials
2026-01-14 19:57:46.663+0000 [id=120]	INFO	hudson.model.UpdateSite$Plugin#deploy: Adding dependent install of workflow-api for plugin timestamper
2026-01-14 19:57:46.663+0000 [id=120]	INFO	hudson.model.UpdateSite$Plugin#deploy: Adding dependent install of scm-api for plugin workflow-api
2026-01-14 19:57:46.663+0000 [id=120]	INFO	hudson.model.UpdateSite$Plugin#deploy: Adding dependent install of matrix-project for plugin ws-cleanup
2026-01-14 19:57:46.663+0000 [id=120]	INFO	hudson.model.UpdateSite$Plugin#deploy: Adding dependent install of script-security for plugin matrix-project
2026-01-14 19:57:46.663+0000 [id=120]	INFO	hudson.model.UpdateSite$Plugin#deploy: Adding dependent install of caffeine-api for plugin script-security
2026-01-14 19:57:46.663+0000 [id=120]	INFO	hudson.model.UpdateSite$Plugin#deploy: Adding dependent install of junit for plugin matrix-project
2026-01-14 19:57:46.663+0000 [id=120]	INFO	hudson.model.UpdateSite$Plugin#deploy: Adding dependent install of jackson2-api for plugin junit
2026-01-14 19:57:46.663+0000 [id=120]	INFO	hudson.model.UpdateSite$Plugin#deploy: Adding dependent install of jaxb for plugin jackson2-api
2026-01-14 19:57:46.663+0000 [id=120]	INFO	hudson.model.UpdateSite$Plugin#deploy: Adding dependent install of javax-activation-api for plugin jaxb
2026-01-14 19:57:46.663+0000 [id=120]	INFO	hudson.model.UpdateSite$Plugin#deploy: Adding dependent install of snakeyaml-api for plugin jackson2-api
2026-01-14 19:57:46.663+0000 [id=120]	INFO	hudson.model.UpdateSite$Plugin#deploy: Adding dependent install of jakarta-xml-bind-api for plugin jackson2-api
2026-01-14 19:57:46.663+0000 [id=120]	INFO	hudson.model.UpdateSite$Plugin#deploy: Adding dependent install of jakarta-activation-api for plugin jakarta-xml-bind-api
2026-01-14 19:57:46.663+0000 [id=120]	INFO	hudson.model.UpdateSite$Plugin#deploy: Adding dependent install of json-api for plugin jackson2-api
2026-01-14 19:57:46.663+0000 [id=120]	INFO	hudson.model.UpdateSite$Plugin#deploy: Adding dependent install of bootstrap5-api for plugin junit
2026-01-14 19:57:46.663+0000 [id=120]	INFO	hudson.model.UpdateSite$Plugin#deploy: Adding dependent install of font-awesome-api for plugin bootstrap5-api
2026-01-14 19:57:46.663+0000 [id=120]	INFO	hudson.model.UpdateSite$Plugin#deploy: Adding dependent install of plugin-util-api for plugin font-awesome-api
2026-01-14 19:57:46.663+0000 [id=120]	INFO	hudson.model.UpdateSite$Plugin#deploy: Adding dependent install of workflow-support for plugin plugin-util-api
2026-01-14 19:57:46.663+0000 [id=120]	INFO	hudson.model.UpdateSite$Plugin#deploy: Adding dependent install of echarts-api for plugin junit
2026-01-14 19:57:46.663+0000 [id=120]	INFO	hudson.model.UpdateSite$Plugin#deploy: Adding dependent install of jquery3-api for plugin echarts-api
2026-01-14 19:57:46.663+0000 [id=120]	INFO	hudson.model.UpdateSite$Plugin#deploy: Adding dependent install of prism-api for plugin junit
2026-01-14 19:57:46.663+0000 [id=120]	INFO	hudson.model.UpdateSite$Plugin#deploy: Adding dependent install of display-url-api for plugin junit
2026-01-14 19:57:46.663+0000 [id=120]	INFO	hudson.model.UpdateSite$Plugin#deploy: Adding dependent install of checks-api for plugin junit
2026-01-14 19:57:46.676+0000 [id=120]	INFO	hudson.model.UpdateSite$Plugin#deploy: Adding dependent install of resource-disposer for plugin ws-cleanup
2026-01-14 19:57:46.678+0000 [id=120]	INFO	hudson.model.UpdateSite$Plugin#deploy: Adding dependent install of okhttp-api for plugin gradle
2026-01-14 19:57:46.678+0000 [id=120]	INFO	hudson.model.UpdateSite$Plugin#deploy: Adding dependent install of apache-httpcomponents-client-4-api for plugin gradle
2026-01-14 19:57:46.678+0000 [id=120]	INFO	hudson.model.UpdateSite$Plugin#deploy: Adding dependent install of workflow-job for plugin gradle
2026-01-14 19:57:46.678+0000 [id=120]	INFO	hudson.model.UpdateSite$Plugin#deploy: Adding dependent install of pipeline-milestone-step for plugin workflow-aggregator
2026-01-14 19:57:46.678+0000 [id=120]	INFO	hudson.model.UpdateSite$Plugin#deploy: Adding dependent install of workflow-durable-task-step for plugin workflow-aggregator
2026-01-14 19:57:46.678+0000 [id=132]	INFO	h.m.UpdateCenter$UpdateCenterConfiguration#download: Downloading commons-lang3-api
2026-01-14 19:57:46.678+0000 [id=120]	INFO	hudson.model.UpdateSite$Plugin#deploy: Adding dependent install of durable-task for plugin workflow-durable-task-step
2026-01-14 19:57:46.678+0000 [id=120]	INFO	hudson.model.UpdateSite$Plugin#deploy: Adding dependent install of pipeline-build-step for plugin workflow-aggregator
2026-01-14 19:57:46.678+0000 [id=120]	INFO	hudson.model.UpdateSite$Plugin#deploy: Adding dependent install of pipeline-groovy-lib for plugin workflow-aggregator
2026-01-14 19:57:46.678+0000 [id=120]	INFO	hudson.model.UpdateSite$Plugin#deploy: Adding dependent install of workflow-scm-step for plugin pipeline-groovy-lib
2026-01-14 19:57:46.678+0000 [id=120]	INFO	hudson.model.UpdateSite$Plugin#deploy: Adding dependent install of workflow-cps for plugin pipeline-groovy-lib
2026-01-14 19:57:46.678+0000 [id=120]	INFO	hudson.model.UpdateSite$Plugin#deploy: Adding dependent install of pipeline-model-definition for plugin workflow-aggregator
2026-01-14 19:57:46.678+0000 [id=120]	INFO	hudson.model.UpdateSite$Plugin#deploy: Adding dependent install of pipeline-model-extensions for plugin pipeline-model-definition
2026-01-14 19:57:46.678+0000 [id=120]	INFO	hudson.model.UpdateSite$Plugin#deploy: Adding dependent install of pipeline-model-api for plugin pipeline-model-extensions
2026-01-14 19:57:46.678+0000 [id=120]	INFO	hudson.model.UpdateSite$Plugin#deploy: Adding dependent install of joda-time-api for plugin pipeline-model-api
2026-01-14 19:57:46.678+0000 [id=120]	INFO	hudson.model.UpdateSite$Plugin#deploy: Adding dependent install of pipeline-stage-step for plugin pipeline-model-extensions
2026-01-14 19:57:46.678+0000 [id=120]	INFO	hudson.model.UpdateSite$Plugin#deploy: Adding dependent install of mailer for plugin pipeline-model-definition
2026-01-14 19:57:46.678+0000 [id=120]	INFO	hudson.model.UpdateSite$Plugin#deploy: Adding dependent install of jakarta-mail-api for plugin mailer
2026-01-14 19:57:46.678+0000 [id=120]	INFO	hudson.model.UpdateSite$Plugin#deploy: Adding dependent install of instance-identity for plugin mailer
2026-01-14 19:57:46.678+0000 [id=120]	INFO	hudson.model.UpdateSite$Plugin#deploy: Adding dependent install of workflow-multibranch for plugin pipeline-model-definition
2026-01-14 19:57:46.692+0000 [id=120]	INFO	hudson.model.UpdateSite$Plugin#deploy: Adding dependent install of branch-api for plugin workflow-multibranch
2026-01-14 19:57:46.692+0000 [id=120]	INFO	hudson.model.UpdateSite$Plugin#deploy: Adding dependent install of pipeline-stage-tags-metadata for plugin pipeline-model-definition
2026-01-14 19:57:46.694+0000 [id=120]	INFO	hudson.model.UpdateSite$Plugin#deploy: Adding dependent install of pipeline-input-step for plugin pipeline-model-definition
2026-01-14 19:57:46.694+0000 [id=120]	INFO	hudson.model.UpdateSite$Plugin#deploy: Adding dependent install of workflow-basic-steps for plugin pipeline-model-definition
2026-01-14 19:57:46.695+0000 [id=120]	INFO	hudson.model.UpdateSite$Plugin#deploy: Adding dependent install of jjwt-api for plugin github-branch-source
2026-01-14 19:57:46.695+0000 [id=120]	INFO	hudson.model.UpdateSite$Plugin#deploy: Adding dependent install of github-api for plugin github-branch-source
2026-01-14 19:57:46.695+0000 [id=120]	INFO	hudson.model.UpdateSite$Plugin#deploy: Adding dependent install of github for plugin github-branch-source
2026-01-14 19:57:46.695+0000 [id=120]	INFO	hudson.model.UpdateSite$Plugin#deploy: Adding dependent install of git for plugin github
2026-01-14 19:57:46.695+0000 [id=120]	INFO	hudson.model.UpdateSite$Plugin#deploy: Adding dependent install of git-client for plugin git
2026-01-14 19:57:46.695+0000 [id=120]	INFO	hudson.model.UpdateSite$Plugin#deploy: Adding dependent install of mina-sshd-api-core for plugin git-client
2026-01-14 19:57:46.695+0000 [id=120]	INFO	hudson.model.UpdateSite$Plugin#deploy: Adding dependent install of mina-sshd-api-common for plugin mina-sshd-api-core
2026-01-14 19:57:46.695+0000 [id=120]	INFO	hudson.model.UpdateSite$Plugin#deploy: Adding dependent install of gson-api for plugin git-client
2026-01-14 19:57:46.702+0000 [id=120]	INFO	hudson.model.UpdateSite$Plugin#deploy: Adding dependent install of metrics for plugin pipeline-graph-view
2026-01-14 19:57:46.702+0000 [id=120]	INFO	hudson.model.UpdateSite$Plugin#deploy: Adding dependent install of trilead-api for plugin ssh-slaves
2026-01-14 19:57:46.702+0000 [id=120]	INFO	hudson.model.UpdateSite$Plugin#deploy: Adding dependent install of eddsa-api for plugin trilead-api
2026-01-14 19:57:46.702+0000 [id=120]	INFO	hudson.model.UpdateSite$Plugin#deploy: Adding dependent install of jsoup for plugin email-ext
2026-01-14 19:57:46.702+0000 [id=120]	INFO	hudson.model.UpdateSite$Plugin#deploy: Adding dependent install of theme-manager for plugin dark-theme
2026-01-14 19:57:48.583+0000 [id=132]	INFO	h.model.UpdateCenter$DownloadJob#run: Installation successful: commons-lang3-api
2026-01-14 19:57:48.583+0000 [id=132]	INFO	h.model.UpdateCenter$DownloadJob#run: Starting the installation of ionicons-api on behalf of admin
2026-01-14 19:57:48.754+0000 [id=132]	INFO	h.model.UpdateCenter$DownloadJob#run: Installation successful: ionicons-api
2026-01-14 19:57:48.755+0000 [id=132]	INFO	h.model.UpdateCenter$DownloadJob#run: Starting the installation of cloudbees-folder on behalf of admin
2026-01-14 19:57:48.756+0000 [id=132]	INFO	h.m.UpdateCenter$UpdateCenterConfiguration#download: Downloading cloudbees-folder
2026-01-14 19:57:49.979+0000 [id=132]	INFO	h.model.UpdateCenter$DownloadJob#run: Installation successful: cloudbees-folder
2026-01-14 19:57:49.979+0000 [id=132]	INFO	h.model.UpdateCenter$DownloadJob#run: Starting the installation of antisamy-markup-formatter on behalf of admin
2026-01-14 19:57:50.162+0000 [id=132]	INFO	h.model.UpdateCenter$DownloadJob#run: Installation successful: antisamy-markup-formatter
2026-01-14 19:57:50.162+0000 [id=132]	INFO	h.model.UpdateCenter$DownloadJob#run: Starting the installation of asm-api on behalf of admin
2026-01-14 19:57:50.180+0000 [id=132]	INFO	h.m.UpdateCenter$UpdateCenterConfiguration#download: Downloading asm-api
2026-01-14 19:57:51.194+0000 [id=132]	INFO	h.model.UpdateCenter$DownloadJob#run: Installation successful: asm-api
2026-01-14 19:57:51.194+0000 [id=132]	INFO	h.model.UpdateCenter$DownloadJob#run: Starting the installation of json-path-api on behalf of admin
2026-01-14 19:57:51.194+0000 [id=132]	INFO	h.m.UpdateCenter$UpdateCenterConfiguration#download: Downloading json-path-api
2026-01-14 19:57:52.153+0000 [id=132]	INFO	h.model.UpdateCenter$DownloadJob#run: Installation successful: json-path-api
2026-01-14 19:57:52.153+0000 [id=132]	INFO	h.model.UpdateCenter$DownloadJob#run: Starting the installation of structs on behalf of admin
2026-01-14 19:57:52.153+0000 [id=132]	INFO	h.m.UpdateCenter$UpdateCenterConfiguration#download: Downloading structs
2026-01-14 19:57:53.054+0000 [id=132]	INFO	h.model.UpdateCenter$DownloadJob#run: Installation successful: structs
2026-01-14 19:57:53.054+0000 [id=132]	INFO	h.model.UpdateCenter$DownloadJob#run: Starting the installation of workflow-step-api on behalf of admin
2026-01-14 19:57:53.061+0000 [id=132]	INFO	h.m.UpdateCenter$UpdateCenterConfiguration#download: Downloading workflow-step-api
2026-01-14 19:57:53.978+0000 [id=132]	INFO	h.model.UpdateCenter$DownloadJob#run: Installation successful: workflow-step-api
2026-01-14 19:57:53.978+0000 [id=132]	INFO	h.model.UpdateCenter$DownloadJob#run: Starting the installation of commons-text-api on behalf of admin
2026-01-14 19:57:53.988+0000 [id=132]	INFO	h.m.UpdateCenter$UpdateCenterConfiguration#download: Downloading commons-text-api
2026-01-14 19:57:55.027+0000 [id=132]	INFO	h.model.UpdateCenter$DownloadJob#run: Installation successful: commons-text-api
2026-01-14 19:57:55.028+0000 [id=132]	INFO	h.model.UpdateCenter$DownloadJob#run: Starting the installation of token-macro on behalf of admin
2026-01-14 19:57:55.031+0000 [id=132]	INFO	h.m.UpdateCenter$UpdateCenterConfiguration#download: Downloading token-macro
2026-01-14 19:57:55.928+0000 [id=132]	INFO	h.model.UpdateCenter$DownloadJob#run: Installation successful: token-macro
2026-01-14 19:57:55.928+0000 [id=132]	INFO	h.model.UpdateCenter$DownloadJob#run: Starting the installation of build-timeout on behalf of admin
2026-01-14 19:57:55.928+0000 [id=132]	INFO	h.m.UpdateCenter$UpdateCenterConfiguration#download: Downloading build-timeout
2026-01-14 19:57:56.934+0000 [id=132]	INFO	h.model.UpdateCenter$DownloadJob#run: Installation successful: build-timeout
2026-01-14 19:57:56.934+0000 [id=132]	INFO	h.model.UpdateCenter$DownloadJob#run: Starting the installation of bouncycastle-api on behalf of admin
2026-01-14 19:57:57.016+0000 [id=132]	INFO	h.m.UpdateCenter$UpdateCenterConfiguration#download: Downloading bouncycastle-api
2026-01-14 19:57:59.778+0000 [id=132]	INFO	h.model.UpdateCenter$DownloadJob#run: Installation successful: bouncycastle-api
2026-01-14 19:57:59.778+0000 [id=132]	INFO	h.model.UpdateCenter$DownloadJob#run: Starting the installation of credentials on behalf of admin
2026-01-14 19:57:59.778+0000 [id=132]	INFO	h.m.UpdateCenter$UpdateCenterConfiguration#download: Downloading credentials
2026-01-14 19:58:00.862+0000 [id=132]	INFO	h.model.UpdateCenter$DownloadJob#run: Installation successful: credentials
2026-01-14 19:58:00.862+0000 [id=132]	INFO	h.model.UpdateCenter$DownloadJob#run: Starting the installation of plain-credentials on behalf of admin
2026-01-14 19:58:00.862+0000 [id=132]	INFO	h.m.UpdateCenter$UpdateCenterConfiguration#download: Downloading plain-credentials
2026-01-14 19:58:02.035+0000 [id=132]	INFO	h.model.UpdateCenter$DownloadJob#run: Installation successful: plain-credentials
2026-01-14 19:58:02.035+0000 [id=132]	INFO	h.model.UpdateCenter$DownloadJob#run: Starting the installation of variant on behalf of admin
2026-01-14 19:58:02.035+0000 [id=132]	INFO	h.m.UpdateCenter$UpdateCenterConfiguration#download: Downloading variant
2026-01-14 19:58:03.245+0000 [id=132]	INFO	h.model.UpdateCenter$DownloadJob#run: Installation successful: variant
2026-01-14 19:58:03.245+0000 [id=132]	INFO	h.model.UpdateCenter$DownloadJob#run: Starting the installation of ssh-credentials on behalf of admin
2026-01-14 19:58:03.245+0000 [id=132]	INFO	h.m.UpdateCenter$UpdateCenterConfiguration#download: Downloading ssh-credentials
2026-01-14 19:58:04.812+0000 [id=132]	INFO	h.model.UpdateCenter$DownloadJob#run: Installation successful: ssh-credentials
2026-01-14 19:58:04.812+0000 [id=132]	INFO	h.model.UpdateCenter$DownloadJob#run: Starting the installation of credentials-binding on behalf of admin
2026-01-14 19:58:04.812+0000 [id=132]	INFO	h.m.UpdateCenter$UpdateCenterConfiguration#download: Downloading credentials-binding
2026-01-14 19:58:05.695+0000 [id=132]	INFO	h.model.UpdateCenter$DownloadJob#run: Installation successful: credentials-binding
2026-01-14 19:58:05.695+0000 [id=132]	INFO	h.model.UpdateCenter$DownloadJob#run: Starting the installation of scm-api on behalf of admin
2026-01-14 19:58:05.703+0000 [id=132]	INFO	h.m.UpdateCenter$UpdateCenterConfiguration#download: Downloading scm-api
2026-01-14 19:58:06.643+0000 [id=132]	INFO	h.model.UpdateCenter$DownloadJob#run: Installation successful: scm-api
2026-01-14 19:58:06.643+0000 [id=132]	INFO	h.model.UpdateCenter$DownloadJob#run: Starting the installation of workflow-api on behalf of admin
2026-01-14 19:58:06.795+0000 [id=132]	INFO	h.model.UpdateCenter$DownloadJob#run: Installation successful: workflow-api
2026-01-14 19:58:06.800+0000 [id=132]	INFO	h.model.UpdateCenter$DownloadJob#run: Starting the installation of timestamper on behalf of admin
2026-01-14 19:58:06.802+0000 [id=132]	INFO	h.m.UpdateCenter$UpdateCenterConfiguration#download: Downloading timestamper
2026-01-14 19:58:07.844+0000 [id=132]	INFO	h.model.UpdateCenter$DownloadJob#run: Installation successful: timestamper
2026-01-14 19:58:07.844+0000 [id=132]	INFO	h.model.UpdateCenter$DownloadJob#run: Starting the installation of caffeine-api on behalf of admin
2026-01-14 19:58:07.861+0000 [id=132]	INFO	h.m.UpdateCenter$UpdateCenterConfiguration#download: Downloading caffeine-api
2026-01-14 19:58:08.829+0000 [id=132]	INFO	h.model.UpdateCenter$DownloadJob#run: Installation successful: caffeine-api
2026-01-14 19:58:08.842+0000 [id=132]	INFO	h.model.UpdateCenter$DownloadJob#run: Starting the installation of script-security on behalf of admin
2026-01-14 19:58:08.845+0000 [id=132]	INFO	h.m.UpdateCenter$UpdateCenterConfiguration#download: Downloading script-security
2026-01-14 19:58:09.777+0000 [id=132]	INFO	h.model.UpdateCenter$DownloadJob#run: Installation successful: script-security
2026-01-14 19:58:09.777+0000 [id=132]	INFO	h.model.UpdateCenter$DownloadJob#run: Starting the installation of javax-activation-api on behalf of admin
2026-01-14 19:58:09.909+0000 [id=132]	INFO	h.model.UpdateCenter$DownloadJob#run: Installation successful: javax-activation-api
2026-01-14 19:58:09.909+0000 [id=132]	INFO	h.model.UpdateCenter$DownloadJob#run: Starting the installation of jaxb on behalf of admin
2026-01-14 19:58:09.930+0000 [id=132]	INFO	h.m.UpdateCenter$UpdateCenterConfiguration#download: Downloading jaxb
2026-01-14 19:58:10.995+0000 [id=132]	INFO	h.model.UpdateCenter$DownloadJob#run: Installation successful: jaxb
2026-01-14 19:58:10.995+0000 [id=132]	INFO	h.model.UpdateCenter$DownloadJob#run: Starting the installation of snakeyaml-api on behalf of admin
2026-01-14 19:58:11.009+0000 [id=132]	INFO	h.m.UpdateCenter$UpdateCenterConfiguration#download: Downloading snakeyaml-api
2026-01-14 19:58:11.911+0000 [id=132]	INFO	h.model.UpdateCenter$DownloadJob#run: Installation successful: snakeyaml-api
2026-01-14 19:58:11.911+0000 [id=132]	INFO	h.model.UpdateCenter$DownloadJob#run: Starting the installation of jakarta-activation-api on behalf of admin
2026-01-14 19:58:11.920+0000 [id=132]	INFO	h.m.UpdateCenter$UpdateCenterConfiguration#download: Downloading jakarta-activation-api
2026-01-14 19:58:12.877+0000 [id=132]	INFO	h.model.UpdateCenter$DownloadJob#run: Installation successful: jakarta-activation-api
2026-01-14 19:58:12.877+0000 [id=132]	INFO	h.model.UpdateCenter$DownloadJob#run: Starting the installation of jakarta-xml-bind-api on behalf of admin
2026-01-14 19:58:12.877+0000 [id=132]	INFO	h.m.UpdateCenter$UpdateCenterConfiguration#download: Downloading jakarta-xml-bind-api
2026-01-14 19:58:14.010+0000 [id=132]	INFO	h.model.UpdateCenter$DownloadJob#run: Installation successful: jakarta-xml-bind-api
2026-01-14 19:58:14.010+0000 [id=132]	INFO	h.model.UpdateCenter$DownloadJob#run: Starting the installation of json-api on behalf of admin
2026-01-14 19:58:14.015+0000 [id=132]	INFO	h.m.UpdateCenter$UpdateCenterConfiguration#download: Downloading json-api
2026-01-14 19:58:14.944+0000 [id=132]	INFO	h.model.UpdateCenter$DownloadJob#run: Installation successful: json-api
2026-01-14 19:58:14.944+0000 [id=132]	INFO	h.model.UpdateCenter$DownloadJob#run: Starting the installation of jackson2-api on behalf of admin
2026-01-14 19:58:14.994+0000 [id=132]	INFO	h.m.UpdateCenter$UpdateCenterConfiguration#download: Downloading jackson2-api
2026-01-14 19:58:16.578+0000 [id=132]	INFO	h.model.UpdateCenter$DownloadJob#run: Installation successful: jackson2-api
2026-01-14 19:58:16.578+0000 [id=132]	INFO	h.model.UpdateCenter$DownloadJob#run: Starting the installation of workflow-support on behalf of admin
2026-01-14 19:58:16.578+0000 [id=132]	INFO	h.m.UpdateCenter$UpdateCenterConfiguration#download: Downloading workflow-support
2026-01-14 19:58:17.902+0000 [id=132]	INFO	h.model.UpdateCenter$DownloadJob#run: Installation successful: workflow-support
2026-01-14 19:58:17.902+0000 [id=132]	INFO	h.model.UpdateCenter$DownloadJob#run: Starting the installation of plugin-util-api on behalf of admin
2026-01-14 19:58:17.910+0000 [id=132]	INFO	h.m.UpdateCenter$UpdateCenterConfiguration#download: Downloading plugin-util-api
2026-01-14 19:58:18.945+0000 [id=132]	INFO	h.model.UpdateCenter$DownloadJob#run: Installation successful: plugin-util-api
2026-01-14 19:58:18.945+0000 [id=132]	INFO	h.model.UpdateCenter$DownloadJob#run: Starting the installation of font-awesome-api on behalf of admin
2026-01-14 19:58:18.961+0000 [id=132]	INFO	h.m.UpdateCenter$UpdateCenterConfiguration#download: Downloading font-awesome-api
2026-01-14 19:58:20.146+0000 [id=132]	INFO	h.model.UpdateCenter$DownloadJob#run: Installation successful: font-awesome-api
2026-01-14 19:58:20.146+0000 [id=132]	INFO	h.model.UpdateCenter$DownloadJob#run: Starting the installation of bootstrap5-api on behalf of admin
2026-01-14 19:58:20.161+0000 [id=132]	INFO	h.m.UpdateCenter$UpdateCenterConfiguration#download: Downloading bootstrap5-api
2026-01-14 19:58:21.431+0000 [id=132]	INFO	h.model.UpdateCenter$DownloadJob#run: Installation successful: bootstrap5-api
2026-01-14 19:58:21.431+0000 [id=132]	INFO	h.model.UpdateCenter$DownloadJob#run: Starting the installation of jquery3-api on behalf of admin
2026-01-14 19:58:21.445+0000 [id=132]	INFO	h.m.UpdateCenter$UpdateCenterConfiguration#download: Downloading jquery3-api
2026-01-14 19:58:22.430+0000 [id=132]	INFO	h.model.UpdateCenter$DownloadJob#run: Installation successful: jquery3-api
2026-01-14 19:58:22.430+0000 [id=132]	INFO	h.model.UpdateCenter$DownloadJob#run: Starting the installation of echarts-api on behalf of admin
2026-01-14 19:58:22.502+0000 [id=132]	INFO	h.m.UpdateCenter$UpdateCenterConfiguration#download: Downloading echarts-api
2026-01-14 19:58:24.796+0000 [id=132]	INFO	h.model.UpdateCenter$DownloadJob#run: Installation successful: echarts-api
2026-01-14 19:58:24.796+0000 [id=132]	INFO	h.model.UpdateCenter$DownloadJob#run: Starting the installation of prism-api on behalf of admin
2026-01-14 19:58:24.796+0000 [id=132]	INFO	h.m.UpdateCenter$UpdateCenterConfiguration#download: Downloading prism-api
2026-01-14 19:58:32.528+0000 [id=132]	INFO	h.model.UpdateCenter$DownloadJob#run: Installation successful: prism-api
2026-01-14 19:58:32.528+0000 [id=132]	INFO	h.model.UpdateCenter$DownloadJob#run: Starting the installation of display-url-api on behalf of admin
2026-01-14 19:58:32.678+0000 [id=132]	INFO	h.model.UpdateCenter$DownloadJob#run: Installation successful: display-url-api
2026-01-14 19:58:32.678+0000 [id=132]	INFO	h.model.UpdateCenter$DownloadJob#run: Starting the installation of checks-api on behalf of admin
2026-01-14 19:58:32.693+0000 [id=132]	INFO	h.m.UpdateCenter$UpdateCenterConfiguration#download: Downloading checks-api
2026-01-14 19:58:33.694+0000 [id=132]	INFO	h.model.UpdateCenter$DownloadJob#run: Installation successful: checks-api
2026-01-14 19:58:33.694+0000 [id=132]	INFO	h.model.UpdateCenter$DownloadJob#run: Starting the installation of junit on behalf of admin
2026-01-14 19:58:33.702+0000 [id=132]	INFO	h.m.UpdateCenter$UpdateCenterConfiguration#download: Downloading junit
2026-01-14 19:58:35.091+0000 [id=132]	INFO	h.model.UpdateCenter$DownloadJob#run: Installation successful: junit
2026-01-14 19:58:35.092+0000 [id=132]	INFO	h.model.UpdateCenter$DownloadJob#run: Starting the installation of matrix-project on behalf of admin
2026-01-14 19:58:35.100+0000 [id=132]	INFO	h.m.UpdateCenter$UpdateCenterConfiguration#download: Downloading matrix-project
2026-01-14 19:58:36.294+0000 [id=132]	INFO	h.model.UpdateCenter$DownloadJob#run: Installation successful: matrix-project
2026-01-14 19:58:36.294+0000 [id=132]	INFO	h.model.UpdateCenter$DownloadJob#run: Starting the installation of resource-disposer on behalf of admin
2026-01-14 19:58:36.296+0000 [id=132]	INFO	h.m.UpdateCenter$UpdateCenterConfiguration#download: Downloading resource-disposer
2026-01-14 19:58:37.481+0000 [id=132]	INFO	h.model.UpdateCenter$DownloadJob#run: Installation successful: resource-disposer
2026-01-14 19:58:37.481+0000 [id=132]	INFO	h.model.UpdateCenter$DownloadJob#run: Starting the installation of ws-cleanup on behalf of admin
2026-01-14 19:58:37.481+0000 [id=132]	INFO	h.m.UpdateCenter$UpdateCenterConfiguration#download: Downloading ws-cleanup
2026-01-14 19:58:38.502+0000 [id=132]	INFO	h.model.UpdateCenter$DownloadJob#run: Installation successful: ws-cleanup
2026-01-14 19:58:38.502+0000 [id=132]	INFO	h.model.UpdateCenter$DownloadJob#run: Starting the installation of ant on behalf of admin
2026-01-14 19:58:38.502+0000 [id=132]	INFO	h.m.UpdateCenter$UpdateCenterConfiguration#download: Downloading ant
2026-01-14 19:58:39.437+0000 [id=132]	INFO	h.model.UpdateCenter$DownloadJob#run: Installation successful: ant
2026-01-14 19:58:39.437+0000 [id=132]	INFO	h.model.UpdateCenter$DownloadJob#run: Starting the installation of okhttp-api on behalf of admin
2026-01-14 19:58:39.437+0000 [id=132]	INFO	h.m.UpdateCenter$UpdateCenterConfiguration#download: Downloading okhttp-api
2026-01-14 19:58:40.880+0000 [id=132]	INFO	h.model.UpdateCenter$DownloadJob#run: Installation successful: okhttp-api
2026-01-14 19:58:40.881+0000 [id=132]	INFO	h.model.UpdateCenter$DownloadJob#run: Starting the installation of apache-httpcomponents-client-4-api on behalf of admin
2026-01-14 19:58:41.231+0000 [id=132]	INFO	h.model.UpdateCenter$DownloadJob#run: Installation successful: apache-httpcomponents-client-4-api
2026-01-14 19:58:41.231+0000 [id=132]	INFO	h.model.UpdateCenter$DownloadJob#run: Starting the installation of workflow-job on behalf of admin
2026-01-14 19:58:41.231+0000 [id=132]	INFO	h.m.UpdateCenter$UpdateCenterConfiguration#download: Downloading workflow-job
2026-01-14 19:58:42.110+0000 [id=132]	INFO	h.model.UpdateCenter$DownloadJob#run: Installation successful: workflow-job
2026-01-14 19:58:42.110+0000 [id=132]	INFO	h.model.UpdateCenter$DownloadJob#run: Starting the installation of gradle on behalf of admin
2026-01-14 19:58:42.110+0000 [id=132]	INFO	h.m.UpdateCenter$UpdateCenterConfiguration#download: Downloading gradle
2026-01-14 19:58:43.377+0000 [id=132]	INFO	h.model.UpdateCenter$DownloadJob#run: Installation successful: gradle
2026-01-14 19:58:43.391+0000 [id=132]	INFO	h.model.UpdateCenter$DownloadJob#run: Starting the installation of pipeline-milestone-step on behalf of admin
2026-01-14 19:58:43.392+0000 [id=132]	INFO	h.m.UpdateCenter$UpdateCenterConfiguration#download: Downloading pipeline-milestone-step
2026-01-14 19:58:44.261+0000 [id=132]	INFO	h.model.UpdateCenter$DownloadJob#run: Installation successful: pipeline-milestone-step
2026-01-14 19:58:44.261+0000 [id=132]	INFO	h.model.UpdateCenter$DownloadJob#run: Starting the installation of durable-task on behalf of admin
2026-01-14 19:58:44.261+0000 [id=132]	INFO	h.m.UpdateCenter$UpdateCenterConfiguration#download: Downloading durable-task
2026-01-14 19:58:45.878+0000 [id=132]	INFO	h.model.UpdateCenter$DownloadJob#run: Installation successful: durable-task
2026-01-14 19:58:45.878+0000 [id=132]	INFO	h.model.UpdateCenter$DownloadJob#run: Starting the installation of workflow-durable-task-step on behalf of admin
2026-01-14 19:58:45.893+0000 [id=132]	INFO	h.m.UpdateCenter$UpdateCenterConfiguration#download: Downloading workflow-durable-task-step
2026-01-14 19:58:46.927+0000 [id=132]	INFO	h.model.UpdateCenter$DownloadJob#run: Installation successful: workflow-durable-task-step
2026-01-14 19:58:46.928+0000 [id=132]	INFO	h.model.UpdateCenter$DownloadJob#run: Starting the installation of pipeline-build-step on behalf of admin
2026-01-14 19:58:46.928+0000 [id=132]	INFO	h.m.UpdateCenter$UpdateCenterConfiguration#download: Downloading pipeline-build-step
2026-01-14 19:58:47.928+0000 [id=132]	INFO	h.model.UpdateCenter$DownloadJob#run: Installation successful: pipeline-build-step
2026-01-14 19:58:47.928+0000 [id=132]	INFO	h.model.UpdateCenter$DownloadJob#run: Starting the installation of workflow-scm-step on behalf of admin
2026-01-14 19:58:47.928+0000 [id=132]	INFO	h.m.UpdateCenter$UpdateCenterConfiguration#download: Downloading workflow-scm-step
2026-01-14 19:58:48.810+0000 [id=132]	INFO	h.model.UpdateCenter$DownloadJob#run: Installation successful: workflow-scm-step
2026-01-14 19:58:48.810+0000 [id=132]	INFO	h.model.UpdateCenter$DownloadJob#run: Starting the installation of workflow-cps on behalf of admin
2026-01-14 19:58:48.810+0000 [id=132]	INFO	h.m.UpdateCenter$UpdateCenterConfiguration#download: Downloading workflow-cps
2026-01-14 19:58:50.494+0000 [id=132]	INFO	h.model.UpdateCenter$DownloadJob#run: Installation successful: workflow-cps
2026-01-14 19:58:50.494+0000 [id=132]	INFO	h.model.UpdateCenter$DownloadJob#run: Starting the installation of pipeline-groovy-lib on behalf of admin
2026-01-14 19:58:50.494+0000 [id=132]	INFO	h.m.UpdateCenter$UpdateCenterConfiguration#download: Downloading pipeline-groovy-lib
2026-01-14 19:58:51.664+0000 [id=132]	INFO	h.model.UpdateCenter$DownloadJob#run: Installation successful: pipeline-groovy-lib
2026-01-14 19:58:51.664+0000 [id=132]	INFO	h.model.UpdateCenter$DownloadJob#run: Starting the installation of joda-time-api on behalf of admin
2026-01-14 19:58:51.666+0000 [id=132]	INFO	h.m.UpdateCenter$UpdateCenterConfiguration#download: Downloading joda-time-api
2026-01-14 19:58:52.746+0000 [id=132]	INFO	h.model.UpdateCenter$DownloadJob#run: Installation successful: joda-time-api
2026-01-14 19:58:52.746+0000 [id=132]	INFO	h.model.UpdateCenter$DownloadJob#run: Starting the installation of pipeline-model-api on behalf of admin
2026-01-14 19:58:52.746+0000 [id=132]	INFO	h.m.UpdateCenter$UpdateCenterConfiguration#download: Downloading pipeline-model-api
2026-01-14 19:58:54.133+0000 [id=132]	INFO	h.model.UpdateCenter$DownloadJob#run: Installation successful: pipeline-model-api
2026-01-14 19:58:54.133+0000 [id=132]	INFO	h.model.UpdateCenter$DownloadJob#run: Starting the installation of pipeline-stage-step on behalf of admin
2026-01-14 19:58:54.133+0000 [id=132]	INFO	h.m.UpdateCenter$UpdateCenterConfiguration#download: Downloading pipeline-stage-step
2026-01-14 19:58:55.083+0000 [id=132]	INFO	h.model.UpdateCenter$DownloadJob#run: Installation successful: pipeline-stage-step
2026-01-14 19:58:55.083+0000 [id=132]	INFO	h.model.UpdateCenter$DownloadJob#run: Starting the installation of pipeline-model-extensions on behalf of admin
2026-01-14 19:58:55.083+0000 [id=132]	INFO	h.m.UpdateCenter$UpdateCenterConfiguration#download: Downloading pipeline-model-extensions
2026-01-14 19:58:56.009+0000 [id=132]	INFO	h.model.UpdateCenter$DownloadJob#run: Installation successful: pipeline-model-extensions
2026-01-14 19:58:56.009+0000 [id=132]	INFO	h.model.UpdateCenter$DownloadJob#run: Starting the installation of jakarta-mail-api on behalf of admin
2026-01-14 19:58:56.009+0000 [id=132]	INFO	h.m.UpdateCenter$UpdateCenterConfiguration#download: Downloading jakarta-mail-api
2026-01-14 19:58:57.028+0000 [id=132]	INFO	h.model.UpdateCenter$DownloadJob#run: Installation successful: jakarta-mail-api
2026-01-14 19:58:57.028+0000 [id=132]	INFO	h.model.UpdateCenter$DownloadJob#run: Starting the installation of instance-identity on behalf of admin
2026-01-14 19:58:57.161+0000 [id=132]	INFO	h.model.UpdateCenter$DownloadJob#run: Installation successful: instance-identity
2026-01-14 19:58:57.161+0000 [id=132]	INFO	h.model.UpdateCenter$DownloadJob#run: Starting the installation of mailer on behalf of admin
2026-01-14 19:58:57.177+0000 [id=132]	INFO	h.m.UpdateCenter$UpdateCenterConfiguration#download: Downloading mailer
2026-01-14 19:58:58.059+0000 [id=132]	INFO	h.model.UpdateCenter$DownloadJob#run: Installation successful: mailer
2026-01-14 19:58:58.059+0000 [id=132]	INFO	h.model.UpdateCenter$DownloadJob#run: Starting the installation of branch-api on behalf of admin
2026-01-14 19:58:58.059+0000 [id=132]	INFO	h.m.UpdateCenter$UpdateCenterConfiguration#download: Downloading branch-api
2026-01-14 19:58:59.010+0000 [id=132]	INFO	h.model.UpdateCenter$DownloadJob#run: Installation successful: branch-api
2026-01-14 19:58:59.022+0000 [id=132]	INFO	h.model.UpdateCenter$DownloadJob#run: Starting the installation of workflow-multibranch on behalf of admin
2026-01-14 19:58:59.022+0000 [id=132]	INFO	h.m.UpdateCenter$UpdateCenterConfiguration#download: Downloading workflow-multibranch
2026-01-14 19:58:59.946+0000 [id=132]	INFO	h.model.UpdateCenter$DownloadJob#run: Installation successful: workflow-multibranch
2026-01-14 19:58:59.946+0000 [id=132]	INFO	h.model.UpdateCenter$DownloadJob#run: Starting the installation of pipeline-stage-tags-metadata on behalf of admin
2026-01-14 19:58:59.946+0000 [id=132]	INFO	h.m.UpdateCenter$UpdateCenterConfiguration#download: Downloading pipeline-stage-tags-metadata
2026-01-14 19:59:00.827+0000 [id=132]	INFO	h.model.UpdateCenter$DownloadJob#run: Installation successful: pipeline-stage-tags-metadata
2026-01-14 19:59:00.827+0000 [id=132]	INFO	h.model.UpdateCenter$DownloadJob#run: Starting the installation of pipeline-input-step on behalf of admin
2026-01-14 19:59:00.827+0000 [id=132]	INFO	h.m.UpdateCenter$UpdateCenterConfiguration#download: Downloading pipeline-input-step
2026-01-14 19:59:01.709+0000 [id=132]	INFO	h.model.UpdateCenter$DownloadJob#run: Installation successful: pipeline-input-step
2026-01-14 19:59:01.709+0000 [id=132]	INFO	h.model.UpdateCenter$DownloadJob#run: Starting the installation of workflow-basic-steps on behalf of admin
2026-01-14 19:59:01.709+0000 [id=132]	INFO	h.m.UpdateCenter$UpdateCenterConfiguration#download: Downloading workflow-basic-steps
2026-01-14 19:59:02.610+0000 [id=132]	INFO	h.model.UpdateCenter$DownloadJob#run: Installation successful: workflow-basic-steps
2026-01-14 19:59:02.611+0000 [id=132]	INFO	h.model.UpdateCenter$DownloadJob#run: Starting the installation of pipeline-model-definition on behalf of admin
2026-01-14 19:59:02.612+0000 [id=132]	INFO	h.m.UpdateCenter$UpdateCenterConfiguration#download: Downloading pipeline-model-definition
2026-01-14 19:59:03.610+0000 [id=132]	INFO	h.model.UpdateCenter$DownloadJob#run: Installation successful: pipeline-model-definition
2026-01-14 19:59:03.610+0000 [id=132]	INFO	h.model.UpdateCenter$DownloadJob#run: Starting the installation of workflow-aggregator on behalf of admin
2026-01-14 19:59:03.610+0000 [id=132]	INFO	h.m.UpdateCenter$UpdateCenterConfiguration#download: Downloading workflow-aggregator
2026-01-14 19:59:04.493+0000 [id=132]	INFO	h.model.UpdateCenter$DownloadJob#run: Installation successful: workflow-aggregator
2026-01-14 19:59:04.493+0000 [id=132]	INFO	h.model.UpdateCenter$DownloadJob#run: Starting the installation of jjwt-api on behalf of admin
2026-01-14 19:59:04.493+0000 [id=132]	INFO	h.m.UpdateCenter$UpdateCenterConfiguration#download: Downloading jjwt-api
2026-01-14 19:59:05.444+0000 [id=132]	INFO	h.model.UpdateCenter$DownloadJob#run: Installation successful: jjwt-api
2026-01-14 19:59:05.444+0000 [id=132]	INFO	h.model.UpdateCenter$DownloadJob#run: Starting the installation of github-api on behalf of admin
2026-01-14 19:59:05.444+0000 [id=132]	INFO	h.m.UpdateCenter$UpdateCenterConfiguration#download: Downloading github-api
2026-01-14 19:59:06.413+0000 [id=132]	INFO	h.model.UpdateCenter$DownloadJob#run: Installation successful: github-api
2026-01-14 19:59:06.417+0000 [id=132]	INFO	h.model.UpdateCenter$DownloadJob#run: Starting the installation of mina-sshd-api-common on behalf of admin
2026-01-14 19:59:06.630+0000 [id=132]	INFO	h.model.UpdateCenter$DownloadJob#run: Installation successful: mina-sshd-api-common
2026-01-14 19:59:06.630+0000 [id=132]	INFO	h.model.UpdateCenter$DownloadJob#run: Starting the installation of mina-sshd-api-core on behalf of admin
2026-01-14 19:59:06.927+0000 [id=132]	INFO	h.model.UpdateCenter$DownloadJob#run: Installation successful: mina-sshd-api-core
2026-01-14 19:59:06.927+0000 [id=132]	INFO	h.model.UpdateCenter$DownloadJob#run: Starting the installation of gson-api on behalf of admin
2026-01-14 19:59:06.945+0000 [id=132]	INFO	h.m.UpdateCenter$UpdateCenterConfiguration#download: Downloading gson-api
2026-01-14 19:59:07.861+0000 [id=132]	INFO	h.model.UpdateCenter$DownloadJob#run: Installation successful: gson-api
2026-01-14 19:59:07.861+0000 [id=132]	INFO	h.model.UpdateCenter$DownloadJob#run: Starting the installation of git-client on behalf of admin
2026-01-14 19:59:07.861+0000 [id=132]	INFO	h.m.UpdateCenter$UpdateCenterConfiguration#download: Downloading git-client
2026-01-14 19:59:09.460+0000 [id=132]	INFO	h.model.UpdateCenter$DownloadJob#run: Installation successful: git-client
2026-01-14 19:59:09.460+0000 [id=132]	INFO	h.model.UpdateCenter$DownloadJob#run: Starting the installation of git on behalf of admin
2026-01-14 19:59:09.460+0000 [id=132]	INFO	h.m.UpdateCenter$UpdateCenterConfiguration#download: Downloading git
2026-01-14 19:59:10.461+0000 [id=132]	INFO	h.model.UpdateCenter$DownloadJob#run: Installation successful: git
2026-01-14 19:59:10.461+0000 [id=132]	INFO	h.model.UpdateCenter$DownloadJob#run: Starting the installation of github on behalf of admin
2026-01-14 19:59:10.461+0000 [id=132]	INFO	h.m.UpdateCenter$UpdateCenterConfiguration#download: Downloading github
2026-01-14 19:59:11.502+0000 [id=132]	INFO	h.model.UpdateCenter$DownloadJob#run: Installation successful: github
2026-01-14 19:59:11.502+0000 [id=132]	INFO	h.model.UpdateCenter$DownloadJob#run: Starting the installation of github-branch-source on behalf of admin
2026-01-14 19:59:11.502+0000 [id=132]	INFO	h.m.UpdateCenter$UpdateCenterConfiguration#download: Downloading github-branch-source
2026-01-14 19:59:12.450+0000 [id=132]	INFO	h.model.UpdateCenter$DownloadJob#run: Installation successful: github-branch-source
2026-01-14 19:59:12.450+0000 [id=132]	INFO	h.model.UpdateCenter$DownloadJob#run: Starting the installation of pipeline-github-lib on behalf of admin
2026-01-14 19:59:12.450+0000 [id=132]	INFO	h.m.UpdateCenter$UpdateCenterConfiguration#download: Downloading pipeline-github-lib
2026-01-14 19:59:13.309+0000 [id=132]	INFO	h.model.UpdateCenter$DownloadJob#run: Installation successful: pipeline-github-lib
2026-01-14 19:59:13.309+0000 [id=132]	INFO	h.model.UpdateCenter$DownloadJob#run: Starting the installation of metrics on behalf of admin
2026-01-14 19:59:13.309+0000 [id=132]	INFO	h.m.UpdateCenter$UpdateCenterConfiguration#download: Downloading metrics
2026-01-14 19:59:14.927+0000 [id=132]	INFO	h.model.UpdateCenter$DownloadJob#run: Installation successful: metrics
2026-01-14 19:59:14.927+0000 [id=132]	INFO	h.model.UpdateCenter$DownloadJob#run: Starting the installation of pipeline-graph-view on behalf of admin
2026-01-14 19:59:14.927+0000 [id=132]	INFO	h.m.UpdateCenter$UpdateCenterConfiguration#download: Downloading pipeline-graph-view
2026-01-14 19:59:16.159+0000 [id=132]	INFO	h.model.UpdateCenter$DownloadJob#run: Installation successful: pipeline-graph-view
2026-01-14 19:59:16.159+0000 [id=132]	INFO	h.model.UpdateCenter$DownloadJob#run: Starting the installation of git on behalf of admin
2026-01-14 19:59:16.159+0000 [id=132]	INFO	h.m.UpdateCenter$InstallationJob#_run: Skipping duplicate install of: Git@5.8.1
2026-01-14 19:59:16.159+0000 [id=132]	INFO	h.model.UpdateCenter$DownloadJob#run: Installation successful: git
2026-01-14 19:59:16.159+0000 [id=132]	INFO	h.model.UpdateCenter$DownloadJob#run: Starting the installation of eddsa-api on behalf of admin
2026-01-14 19:59:16.176+0000 [id=132]	INFO	h.m.UpdateCenter$UpdateCenterConfiguration#download: Downloading eddsa-api
2026-01-14 19:59:17.059+0000 [id=132]	INFO	h.model.UpdateCenter$DownloadJob#run: Installation successful: eddsa-api
2026-01-14 19:59:17.059+0000 [id=132]	INFO	h.model.UpdateCenter$DownloadJob#run: Starting the installation of trilead-api on behalf of admin
2026-01-14 19:59:17.075+0000 [id=132]	INFO	h.m.UpdateCenter$UpdateCenterConfiguration#download: Downloading trilead-api
2026-01-14 19:59:18.391+0000 [id=132]	INFO	h.model.UpdateCenter$DownloadJob#run: Installation successful: trilead-api
2026-01-14 19:59:18.391+0000 [id=132]	INFO	h.model.UpdateCenter$DownloadJob#run: Starting the installation of ssh-slaves on behalf of admin
2026-01-14 19:59:18.393+0000 [id=132]	INFO	h.m.UpdateCenter$UpdateCenterConfiguration#download: Downloading ssh-slaves
2026-01-14 19:59:19.309+0000 [id=132]	INFO	h.model.UpdateCenter$DownloadJob#run: Installation successful: ssh-slaves
2026-01-14 19:59:19.309+0000 [id=132]	INFO	h.model.UpdateCenter$DownloadJob#run: Starting the installation of matrix-auth on behalf of admin
2026-01-14 19:59:19.309+0000 [id=132]	INFO	h.m.UpdateCenter$UpdateCenterConfiguration#download: Downloading matrix-auth
2026-01-14 19:59:20.192+0000 [id=132]	INFO	h.model.UpdateCenter$DownloadJob#run: Installation successful: matrix-auth
2026-01-14 19:59:20.192+0000 [id=132]	INFO	h.model.UpdateCenter$DownloadJob#run: Starting the installation of ldap on behalf of admin
2026-01-14 19:59:20.192+0000 [id=132]	INFO	h.m.UpdateCenter$UpdateCenterConfiguration#download: Downloading ldap
2026-01-14 19:59:21.710+0000 [id=132]	INFO	h.model.UpdateCenter$DownloadJob#run: Installation successful: ldap
2026-01-14 19:59:21.710+0000 [id=132]	INFO	h.model.UpdateCenter$DownloadJob#run: Starting the installation of jsoup on behalf of admin
2026-01-14 19:59:21.724+0000 [id=132]	INFO	h.m.UpdateCenter$UpdateCenterConfiguration#download: Downloading jsoup
2026-01-14 19:59:22.692+0000 [id=132]	INFO	h.model.UpdateCenter$DownloadJob#run: Installation successful: jsoup
2026-01-14 19:59:22.692+0000 [id=132]	INFO	h.model.UpdateCenter$DownloadJob#run: Starting the installation of email-ext on behalf of admin
2026-01-14 19:59:22.692+0000 [id=132]	INFO	h.m.UpdateCenter$UpdateCenterConfiguration#download: Downloading email-ext
2026-01-14 19:59:24.559+0000 [id=132]	INFO	h.model.UpdateCenter$DownloadJob#run: Installation successful: email-ext
2026-01-14 19:59:24.559+0000 [id=132]	INFO	h.model.UpdateCenter$DownloadJob#run: Starting the installation of mailer on behalf of admin
2026-01-14 19:59:24.559+0000 [id=132]	INFO	h.m.UpdateCenter$InstallationJob#_run: Skipping duplicate install of: Mailer@525.v2458b_d8a_1a_71
2026-01-14 19:59:24.559+0000 [id=132]	INFO	h.model.UpdateCenter$DownloadJob#run: Installation successful: mailer
2026-01-14 19:59:24.559+0000 [id=132]	INFO	h.model.UpdateCenter$DownloadJob#run: Starting the installation of theme-manager on behalf of admin
2026-01-14 19:59:24.559+0000 [id=132]	INFO	h.m.UpdateCenter$UpdateCenterConfiguration#download: Downloading theme-manager
2026-01-14 19:59:25.457+0000 [id=132]	INFO	h.model.UpdateCenter$DownloadJob#run: Installation successful: theme-manager
2026-01-14 19:59:25.457+0000 [id=132]	INFO	h.model.UpdateCenter$DownloadJob#run: Starting the installation of dark-theme on behalf of admin
2026-01-14 19:59:25.459+0000 [id=132]	INFO	h.m.UpdateCenter$UpdateCenterConfiguration#download: Downloading dark-theme
2026-01-14 19:59:26.725+0000 [id=132]	INFO	h.model.UpdateCenter$DownloadJob#run: Installation successful: dark-theme
2026-01-14 19:59:26.725+0000 [id=132]	INFO	h.m.UpdateCenter$CompleteBatchJob#run: Completing installing of plugin batch…
2026-01-14 19:59:36.706+0000 [id=132]	INFO	h.p.b.g.GlobalTimeOutConfiguration#load: global timeout not set
2026-01-14 19:59:38.908+0000 [id=132]	INFO	h.m.DownloadService$Downloadable#load: Obtained the updated data file for hudson.tasks.Ant.AntInstaller
2026-01-14 19:59:41.111+0000 [id=132]	INFO	h.m.DownloadService$Downloadable#load: Obtained the updated data file for hudson.plugins.gradle.GradleInstaller
2026-01-14 19:59:42.591+0000 [id=304]	INFO	jenkins.InitReactorRunner$1#onAttained: Started initialization
2026-01-14 19:59:42.600+0000 [id=317]	INFO	jenkins.InitReactorRunner$1#onAttained: Listed all plugins
2026-01-14 19:59:42.604+0000 [id=322]	INFO	jenkins.InitReactorRunner$1#onAttained: Prepared all plugins
2026-01-14 19:59:42.643+0000 [id=324]	INFO	jenkins.InitReactorRunner$1#onAttained: Started all plugins
2026-01-14 19:59:42.658+0000 [id=313]	INFO	jenkins.InitReactorRunner$1#onAttained: Augmented all extensions
2026-01-14 19:59:42.679+0000 [id=314]	INFO	jenkins.InitReactorRunner$1#onAttained: System config loaded
2026-01-14 19:59:42.683+0000 [id=314]	INFO	jenkins.InitReactorRunner$1#onAttained: System config adapted
2026-01-14 19:59:42.845+0000 [id=305]	INFO	jenkins.InitReactorRunner$1#onAttained: Loaded all jobs
2026-01-14 19:59:42.846+0000 [id=324]	INFO	jenkins.InitReactorRunner$1#onAttained: Configuration for all jobs updated
2026-01-14 19:59:43.542+0000 [id=327]	INFO	jenkins.InitReactorRunner$1#onAttained: Completed initialization
2026-01-14 19:59:43.558+0000 [id=132]	INFO	h.m.UpdateCenter$CompleteBatchJob#run: Completed installation of 89 plugins in 1 min 56 sec
2026-01-14 22:30:26.664+0000 [id=1]	INFO	winstone.Logger#logInternal: Beginning extraction from war file
2026-01-14 22:30:26.743+0000 [id=1]	WARNING	o.e.j.ee9.nested.ContextHandler#setContextPath: Empty contextPath
2026-01-14 22:30:26.813+0000 [id=1]	INFO	org.eclipse.jetty.server.Server#doStart: jetty-12.0.25; built: 2025-08-11T23:52:37.219Z; git: a862b76d8372e24205765182d9ae1d1d333ce2ea; jvm 21.0.5+9-LTS-239
2026-01-14 22:30:28.075+0000 [id=1]	INFO	o.e.j.e.w.StandardDescriptorProcessor#visitServlet: NO JSP Support for /, did not find org.eclipse.jetty.ee9.jsp.JettyJspServlet
2026-01-14 22:30:28.127+0000 [id=1]	INFO	o.e.j.s.DefaultSessionIdManager#doStart: Session workerName=node0
2026-01-14 22:30:28.544+0000 [id=1]	INFO	hudson.WebAppMain#contextInitialized: Jenkins home directory: A:\Programe2\Jenkins Code found at: EnvVars.masterEnvVars.get("JENKINS_HOME")
2026-01-14 22:30:28.636+0000 [id=1]	INFO	o.e.j.s.handler.ContextHandler#doStart: Started oeje9n.ContextHandler$CoreContextHandler@3aaf4f07{Jenkins v2.528.3,/,b=file:///C:/Users/Marius/AppData/Local/Jenkins/war/,a=AVAILABLE,h=oeje9n.ContextHandler$CoreContextHandler$CoreToNestedHandler@5cbf9e9f{STARTED}}
2026-01-14 22:30:28.709+0000 [id=1]	INFO	o.e.j.server.AbstractConnector#doStart: Started ServerConnector@41de5768{HTTP/1.1, (http/1.1)}{0.0.0.0:8080}
2026-01-14 22:30:28.743+0000 [id=1]	INFO	org.eclipse.jetty.server.Server#doStart: Started oejs.Server@393671df{STARTING}[12.0.25,sto=0] @2599ms
2026-01-14 22:30:28.743+0000 [id=41]	INFO	winstone.Logger#logInternal: Winstone Servlet Engine running: controlPort=disabled
2026-01-14 22:30:29.216+0000 [id=40]	INFO	jenkins.model.Jenkins#<init>: Starting version 2.528.3
2026-01-14 22:30:29.624+0000 [id=51]	INFO	jenkins.InitReactorRunner$1#onAttained: Started initialization
2026-01-14 22:30:29.629+0000 [id=70]	INFO	jenkins.InitReactorRunner$1#onAttained: Listed all plugins
2026-01-14 22:30:32.753+0000 [id=57]	INFO	jenkins.InitReactorRunner$1#onAttained: Prepared all plugins
2026-01-14 22:30:32.768+0000 [id=59]	INFO	jenkins.InitReactorRunner$1#onAttained: Started all plugins
2026-01-14 22:30:32.768+0000 [id=61]	INFO	jenkins.InitReactorRunner$1#onAttained: Augmented all extensions
2026-01-14 22:30:33.132+0000 [id=63]	INFO	jenkins.InitReactorRunner$1#onAttained: System config loaded
2026-01-14 22:30:33.132+0000 [id=63]	INFO	jenkins.InitReactorRunner$1#onAttained: System config adapted
2026-01-14 22:30:33.132+0000 [id=63]	INFO	jenkins.InitReactorRunner$1#onAttained: Loaded all jobs
2026-01-14 22:30:33.132+0000 [id=62]	INFO	jenkins.InitReactorRunner$1#onAttained: Configuration for all jobs updated
2026-01-14 22:30:33.205+0000 [id=86]	INFO	hudson.util.Retrier#start: Attempt #1 to do the action check updates server
2026-01-14 22:30:33.902+0000 [id=57]	INFO	jenkins.install.SetupWizard#init: 
[CRLF]> 
[CRLF]> *************************************************************
[CRLF]> *************************************************************
[CRLF]> *************************************************************
[CRLF]> 
[CRLF]> Jenkins initial setup is required. An admin user has been created and a password generated.
[CRLF]> Please use the following password to proceed to installation:
[CRLF]> 
[CRLF]> 3ce1ae834b0b4a568b97df5e4b106d52
[CRLF]> 
[CRLF]> This may also be found at: A:\Programe2\Jenkins Code\secrets\initialAdminPassword
[CRLF]> 
[CRLF]> *************************************************************
[CRLF]> *************************************************************
[CRLF]> *************************************************************

2026-01-14 22:30:38.198+0000 [id=57]	INFO	jenkins.InitReactorRunner$1#onAttained: Completed initialization
2026-01-14 22:30:38.213+0000 [id=40]	INFO	hudson.lifecycle.Lifecycle#onReady: Jenkins is fully up and running
2026-01-14 22:30:39.218+0000 [id=86]	INFO	h.m.DownloadService$Downloadable#load: Obtained the updated data file for hudson.tasks.Maven.MavenInstaller
2026-01-14 22:30:39.219+0000 [id=86]	INFO	hudson.util.Retrier#start: Performed the action check updates server successfully at the attempt #1
2026-01-14 22:32:39.119+0000 [id=1]	INFO	winstone.Logger#logInternal: Beginning extraction from war file
2026-01-14 22:32:39.197+0000 [id=1]	WARNING	o.e.j.ee9.nested.ContextHandler#setContextPath: Empty contextPath
2026-01-14 22:32:39.287+0000 [id=1]	INFO	org.eclipse.jetty.server.Server#doStart: jetty-12.0.25; built: 2025-08-11T23:52:37.219Z; git: a862b76d8372e24205765182d9ae1d1d333ce2ea; jvm 21.0.5+9-LTS-239
2026-01-14 22:32:40.461+0000 [id=1]	INFO	o.e.j.e.w.StandardDescriptorProcessor#visitServlet: NO JSP Support for /, did not find org.eclipse.jetty.ee9.jsp.JettyJspServlet
2026-01-14 22:32:40.521+0000 [id=1]	INFO	o.e.j.s.DefaultSessionIdManager#doStart: Session workerName=node0
2026-01-14 22:32:40.873+0000 [id=1]	INFO	hudson.WebAppMain#contextInitialized: Jenkins home directory: A:\Programe2\Jenkins Code found at: EnvVars.masterEnvVars.get("JENKINS_HOME")
2026-01-14 22:32:40.951+0000 [id=1]	INFO	o.e.j.s.handler.ContextHandler#doStart: Started oeje9n.ContextHandler$CoreContextHandler@3aaf4f07{Jenkins v2.528.3,/,b=file:///C:/Users/Marius/AppData/Local/Jenkins/war/,a=AVAILABLE,h=oeje9n.ContextHandler$CoreContextHandler$CoreToNestedHandler@5cbf9e9f{STARTED}}
2026-01-14 22:32:40.983+0000 [id=1]	INFO	o.e.j.server.AbstractConnector#doStart: Started ServerConnector@3ae72373{HTTP/1.1, (http/1.1)}{0.0.0.0:8080}
2026-01-14 22:32:40.991+0000 [id=1]	INFO	org.eclipse.jetty.server.Server#doStart: Started oejs.Server@393671df{STARTING}[12.0.25,sto=0] @2381ms
2026-01-14 22:32:40.991+0000 [id=41]	INFO	winstone.Logger#logInternal: Winstone Servlet Engine running: controlPort=disabled
2026-01-14 22:32:41.110+0000 [id=40]	INFO	jenkins.model.Jenkins#<init>: Starting version 2.528.3
2026-01-14 22:32:41.221+0000 [id=49]	INFO	jenkins.InitReactorRunner$1#onAttained: Started initialization
2026-01-14 22:32:41.341+0000 [id=52]	INFO	jenkins.InitReactorRunner$1#onAttained: Listed all plugins
2026-01-14 22:32:49.729+0000 [id=48]	INFO	jenkins.InitReactorRunner$1#onAttained: Prepared all plugins
2026-01-14 22:32:49.777+0000 [id=50]	INFO	jenkins.InitReactorRunner$1#onAttained: Started all plugins
2026-01-14 22:32:49.792+0000 [id=50]	INFO	jenkins.InitReactorRunner$1#onAttained: Augmented all extensions
2026-01-14 22:32:50.213+0000 [id=65]	INFO	h.p.b.g.GlobalTimeOutConfiguration#load: global timeout not set
2026-01-14 22:32:52.295+0000 [id=60]	INFO	jenkins.InitReactorRunner$1#onAttained: System config loaded
2026-01-14 22:32:52.297+0000 [id=53]	INFO	jenkins.InitReactorRunner$1#onAttained: System config adapted
2026-01-14 22:32:52.367+0000 [id=56]	INFO	jenkins.InitReactorRunner$1#onAttained: Loaded all jobs
2026-01-14 22:32:52.391+0000 [id=57]	INFO	jenkins.InitReactorRunner$1#onAttained: Configuration for all jobs updated
2026-01-14 22:32:52.463+0000 [id=62]	INFO	jenkins.InitReactorRunner$1#onAttained: Completed initialization
2026-01-14 22:32:52.523+0000 [id=40]	INFO	hudson.lifecycle.Lifecycle#onReady: Jenkins is fully up and running
2026-01-14 22:37:18.738+0000 [id=90]	INFO	hudson.PluginManager#install: Starting installation of a batch of 1 plugins plus their dependencies
2026-01-14 22:37:19.658+0000 [id=131]	INFO	h.model.UpdateCenter$DownloadJob#run: Starting the installation of locale on behalf of mrdumitrel
2026-01-14 22:37:19.660+0000 [id=131]	INFO	h.m.UpdateCenter$UpdateCenterConfiguration#download: Downloading locale
2026-01-14 22:37:21.354+0000 [id=131]	INFO	h.model.UpdateCenter$DownloadJob#run: Installation successful: locale
2026-01-14 22:37:21.354+0000 [id=131]	INFO	h.m.UpdateCenter$CompleteBatchJob#run: Completing installing of plugin batch…
2026-01-14 22:37:21.971+0000 [id=139]	INFO	jenkins.InitReactorRunner$1#onAttained: Started initialization
2026-01-14 22:37:21.982+0000 [id=143]	INFO	jenkins.InitReactorRunner$1#onAttained: Listed all plugins
2026-01-14 22:37:21.985+0000 [id=148]	INFO	jenkins.InitReactorRunner$1#onAttained: Prepared all plugins
2026-01-14 22:37:21.988+0000 [id=153]	INFO	jenkins.InitReactorRunner$1#onAttained: Started all plugins
2026-01-14 22:37:21.988+0000 [id=159]	INFO	jenkins.InitReactorRunner$1#onAttained: Augmented all extensions
2026-01-14 22:37:21.988+0000 [id=162]	INFO	jenkins.InitReactorRunner$1#onAttained: System config loaded
2026-01-14 22:37:21.988+0000 [id=162]	INFO	jenkins.InitReactorRunner$1#onAttained: System config adapted
2026-01-14 22:37:21.995+0000 [id=147]	INFO	jenkins.InitReactorRunner$1#onAttained: Loaded all jobs
2026-01-14 22:37:21.995+0000 [id=147]	INFO	jenkins.InitReactorRunner$1#onAttained: Configuration for all jobs updated
2026-01-14 22:37:21.995+0000 [id=160]	INFO	jenkins.InitReactorRunner$1#onAttained: Completed initialization
2026-01-14 22:37:21.995+0000 [id=131]	INFO	h.m.UpdateCenter$CompleteBatchJob#run: Completed installation of 1 plugins in 3.2 sec
2026-01-14 22:39:46.684+0000 [id=1]	INFO	winstone.Logger#logInternal: Beginning extraction from war file
2026-01-14 22:39:46.748+0000 [id=1]	WARNING	o.e.j.ee9.nested.ContextHandler#setContextPath: Empty contextPath
2026-01-14 22:39:46.820+0000 [id=1]	INFO	org.eclipse.jetty.server.Server#doStart: jetty-12.0.25; built: 2025-08-11T23:52:37.219Z; git: a862b76d8372e24205765182d9ae1d1d333ce2ea; jvm 21.0.5+9-LTS-239
2026-01-14 22:39:47.815+0000 [id=1]	INFO	o.e.j.e.w.StandardDescriptorProcessor#visitServlet: NO JSP Support for /, did not find org.eclipse.jetty.ee9.jsp.JettyJspServlet
2026-01-14 22:39:47.856+0000 [id=1]	INFO	o.e.j.s.DefaultSessionIdManager#doStart: Session workerName=node0
2026-01-14 22:39:48.218+0000 [id=1]	INFO	hudson.WebAppMain#contextInitialized: Jenkins home directory: A:\Programe2\Jenkins Code found at: EnvVars.masterEnvVars.get("JENKINS_HOME")
2026-01-14 22:39:48.305+0000 [id=1]	INFO	o.e.j.s.handler.ContextHandler#doStart: Started oeje9n.ContextHandler$CoreContextHandler@3aaf4f07{Jenkins v2.528.3,/,b=file:///C:/Users/Marius/AppData/Local/Jenkins/war/,a=AVAILABLE,h=oeje9n.ContextHandler$CoreContextHandler$CoreToNestedHandler@5cbf9e9f{STARTED}}
2026-01-14 22:39:48.342+0000 [id=1]	INFO	o.e.j.server.AbstractConnector#doStart: Started ServerConnector@41de5768{HTTP/1.1, (http/1.1)}{0.0.0.0:8080}
2026-01-14 22:39:48.352+0000 [id=1]	INFO	org.eclipse.jetty.server.Server#doStart: Started oejs.Server@393671df{STARTING}[12.0.25,sto=0] @2104ms
2026-01-14 22:39:48.353+0000 [id=41]	INFO	winstone.Logger#logInternal: Winstone Servlet Engine running: controlPort=disabled
2026-01-14 22:39:48.459+0000 [id=40]	INFO	jenkins.model.Jenkins#<init>: Starting version 2.528.3
2026-01-14 22:39:48.556+0000 [id=49]	INFO	jenkins.InitReactorRunner$1#onAttained: Started initialization
2026-01-14 22:39:48.677+0000 [id=69]	INFO	jenkins.InitReactorRunner$1#onAttained: Listed all plugins
2026-01-14 22:39:56.174+0000 [id=48]	INFO	jenkins.InitReactorRunner$1#onAttained: Prepared all plugins
2026-01-14 22:39:56.220+0000 [id=48]	INFO	jenkins.InitReactorRunner$1#onAttained: Started all plugins
2026-01-14 22:39:56.238+0000 [id=48]	INFO	jenkins.InitReactorRunner$1#onAttained: Augmented all extensions
2026-01-14 22:39:56.598+0000 [id=60]	INFO	h.p.b.g.GlobalTimeOutConfiguration#load: global timeout not set
2026-01-14 22:39:58.778+0000 [id=71]	INFO	jenkins.InitReactorRunner$1#onAttained: System config loaded
2026-01-14 22:39:58.778+0000 [id=61]	INFO	jenkins.InitReactorRunner$1#onAttained: System config adapted
2026-01-14 22:39:58.874+0000 [id=48]	INFO	jenkins.InitReactorRunner$1#onAttained: Loaded all jobs
2026-01-14 22:39:58.906+0000 [id=48]	INFO	jenkins.InitReactorRunner$1#onAttained: Configuration for all jobs updated
2026-01-14 22:39:59.024+0000 [id=58]	INFO	jenkins.InitReactorRunner$1#onAttained: Completed initialization
2026-01-14 22:39:59.103+0000 [id=40]	INFO	hudson.lifecycle.Lifecycle#onReady: Jenkins is fully up and running
2026-01-14 22:44:38.374+0000 [id=107]	INFO	hudson.lifecycle.Lifecycle#onReload: Reloading Jenkins as requested by mrdumitrel
2026-01-14 22:44:38.393+0000 [id=137]	INFO	jenkins.InitReactorRunner$1#onAttained: Started initialization
2026-01-14 22:44:38.393+0000 [id=139]	INFO	jenkins.InitReactorRunner$1#onAttained: Listed all plugins
2026-01-14 22:44:38.407+0000 [id=142]	INFO	jenkins.InitReactorRunner$1#onAttained: Prepared all plugins
2026-01-14 22:44:38.412+0000 [id=145]	INFO	jenkins.InitReactorRunner$1#onAttained: Started all plugins
2026-01-14 22:44:38.414+0000 [id=149]	INFO	jenkins.InitReactorRunner$1#onAttained: Augmented all extensions
2026-01-14 22:44:38.432+0000 [id=154]	INFO	jenkins.InitReactorRunner$1#onAttained: System config loaded
2026-01-14 22:44:38.433+0000 [id=159]	INFO	jenkins.InitReactorRunner$1#onAttained: System config adapted
2026-01-14 22:44:38.441+0000 [id=140]	INFO	jenkins.InitReactorRunner$1#onAttained: Loaded all jobs
2026-01-14 22:44:38.444+0000 [id=143]	INFO	jenkins.InitReactorRunner$1#onAttained: Configuration for all jobs updated
2026-01-14 22:44:38.446+0000 [id=143]	INFO	jenkins.InitReactorRunner$1#onAttained: Completed initialization
2026-01-14 22:44:38.463+0000 [id=136]	INFO	hudson.lifecycle.Lifecycle#onReady: Jenkins is fully up and running
2026-01-14 23:29:17.486+0000 [id=30]	INFO	hudson.PluginManager#install: Starting installation of a batch of 1 plugins plus their dependencies
2026-01-14 23:29:18.524+0000 [id=390]	INFO	h.model.UpdateCenter$DownloadJob#run: Starting the installation of jobConfigHistory on behalf of mrdumitrel
2026-01-14 23:29:18.524+0000 [id=390]	INFO	h.m.UpdateCenter$UpdateCenterConfiguration#download: Downloading jobConfigHistory
2026-01-14 23:29:20.355+0000 [id=390]	INFO	h.model.UpdateCenter$DownloadJob#run: Installation successful: jobConfigHistory
2026-01-14 23:29:20.355+0000 [id=390]	INFO	h.m.UpdateCenter$CompleteBatchJob#run: Completing installing of plugin batch…
2026-01-14 23:29:21.032+0000 [id=398]	INFO	jenkins.InitReactorRunner$1#onAttained: Started initialization
2026-01-14 23:29:21.035+0000 [id=402]	INFO	jenkins.InitReactorRunner$1#onAttained: Listed all plugins
2026-01-14 23:29:21.037+0000 [id=408]	INFO	jenkins.InitReactorRunner$1#onAttained: Prepared all plugins
2026-01-14 23:29:21.039+0000 [id=412]	INFO	jenkins.InitReactorRunner$1#onAttained: Started all plugins
2026-01-14 23:29:21.041+0000 [id=418]	INFO	jenkins.InitReactorRunner$1#onAttained: Augmented all extensions
2026-01-14 23:29:21.043+0000 [id=420]	INFO	jenkins.InitReactorRunner$1#onAttained: System config loaded
2026-01-14 23:29:21.043+0000 [id=420]	INFO	jenkins.InitReactorRunner$1#onAttained: System config adapted
2026-01-14 23:29:21.043+0000 [id=420]	INFO	jenkins.InitReactorRunner$1#onAttained: Loaded all jobs
2026-01-14 23:29:21.043+0000 [id=412]	INFO	jenkins.InitReactorRunner$1#onAttained: Configuration for all jobs updated
2026-01-14 23:29:21.043+0000 [id=412]	INFO	jenkins.InitReactorRunner$1#onAttained: Completed initialization
2026-01-14 23:29:21.046+0000 [id=390]	INFO	h.m.UpdateCenter$CompleteBatchJob#run: Completed installation of 1 plugins in 3.5 sec
2026-01-14 23:29:24.788+0000 [id=387]	INFO	hudson.model.UpdateCenter#doSafeRestart: Scheduling Jenkins reboot
2026-01-14 23:29:24.795+0000 [id=423]	INFO	hudson.lifecycle.Lifecycle#onStatusUpdate: Restart in 10 seconds
2026-01-14 23:29:34.798+0000 [id=423]	INFO	hudson.lifecycle.Lifecycle#onStop: Stopping Jenkins as requested by mrdumitrel
2026-01-14 23:29:34.799+0000 [id=423]	INFO	hudson.lifecycle.Lifecycle#onStatusUpdate: Stopping Jenkins
2026-01-14 23:29:34.845+0000 [id=423]	INFO	jenkins.model.Jenkins$17#onAttained: Started termination
2026-01-14 23:29:34.848+0000 [id=423]	INFO	h.p.b.global.Lifecycle#shutdown: Shutdown complete - Global TimeOut ScheduledExecutorService had 0 tasks pending
2026-01-14 23:29:34.881+0000 [id=423]	INFO	jenkins.model.Jenkins$17#onAttained: Completed termination
2026-01-14 23:29:34.896+0000 [id=423]	INFO	jenkins.model.Jenkins#_cleanUpDisconnectComputers: Starting node disconnection
2026-01-14 23:29:34.903+0000 [id=423]	INFO	jenkins.model.Jenkins#_cleanUpShutdownPluginManager: Stopping plugin manager
2026-01-14 23:29:34.967+0000 [id=423]	INFO	jenkins.model.Jenkins#_cleanUpPersistQueue: Persisting build queue
2026-01-14 23:29:34.981+0000 [id=423]	INFO	jenkins.model.Jenkins#_cleanUpAwaitDisconnects: Waiting for node disconnection completion
2026-01-14 23:29:34.983+0000 [id=423]	INFO	hudson.lifecycle.Lifecycle#onStatusUpdate: Jenkins stopped
2026-01-14 23:29:38.964+0000 [id=120]	WARNING	h.s.HttpSessionContextIntegrationFilter2#hasInvalidSessionSeed: Encountered IllegalStateException trying to get a user. System init may not have completed yet. Invalidating user session.
2026-01-14 23:29:44.412+0000 [id=1]	INFO	winstone.Logger#logInternal: Beginning extraction from war file
2026-01-14 23:29:44.484+0000 [id=1]	WARNING	o.e.j.ee9.nested.ContextHandler#setContextPath: Empty contextPath
2026-01-14 23:29:44.562+0000 [id=1]	INFO	org.eclipse.jetty.server.Server#doStart: jetty-12.0.25; built: 2025-08-11T23:52:37.219Z; git: a862b76d8372e24205765182d9ae1d1d333ce2ea; jvm 21.0.5+9-LTS-239
2026-01-14 23:29:45.562+0000 [id=1]	INFO	o.e.j.e.w.StandardDescriptorProcessor#visitServlet: NO JSP Support for /, did not find org.eclipse.jetty.ee9.jsp.JettyJspServlet
2026-01-14 23:29:45.614+0000 [id=1]	INFO	o.e.j.s.DefaultSessionIdManager#doStart: Session workerName=node0
2026-01-14 23:29:46.022+0000 [id=1]	INFO	hudson.WebAppMain#contextInitialized: Jenkins home directory: A:\Programe2\Jenkins Code found at: EnvVars.masterEnvVars.get("JENKINS_HOME")
2026-01-14 23:29:46.102+0000 [id=1]	INFO	o.e.j.s.handler.ContextHandler#doStart: Started oeje9n.ContextHandler$CoreContextHandler@3aaf4f07{Jenkins v2.528.3,/,b=file:///C:/Users/Marius/AppData/Local/Jenkins/war/,a=AVAILABLE,h=oeje9n.ContextHandler$CoreContextHandler$CoreToNestedHandler@5cbf9e9f{STARTED}}
2026-01-14 23:29:46.132+0000 [id=1]	INFO	o.e.j.server.AbstractConnector#doStart: Started ServerConnector@41de5768{HTTP/1.1, (http/1.1)}{0.0.0.0:8080}
2026-01-14 23:29:46.150+0000 [id=1]	INFO	org.eclipse.jetty.server.Server#doStart: Started oejs.Server@393671df{STARTING}[12.0.25,sto=0] @2215ms
2026-01-14 23:29:46.151+0000 [id=41]	INFO	winstone.Logger#logInternal: Winstone Servlet Engine running: controlPort=disabled
2026-01-14 23:29:46.280+0000 [id=40]	INFO	jenkins.model.Jenkins#<init>: Starting version 2.528.3
2026-01-14 23:29:46.402+0000 [id=50]	INFO	jenkins.InitReactorRunner$1#onAttained: Started initialization
2026-01-14 23:29:46.520+0000 [id=51]	INFO	jenkins.InitReactorRunner$1#onAttained: Listed all plugins
2026-01-14 23:29:55.418+0000 [id=55]	INFO	jenkins.InitReactorRunner$1#onAttained: Prepared all plugins
2026-01-14 23:29:55.478+0000 [id=49]	INFO	jenkins.InitReactorRunner$1#onAttained: Started all plugins
2026-01-14 23:29:55.483+0000 [id=62]	INFO	jenkins.InitReactorRunner$1#onAttained: Augmented all extensions
2026-01-14 23:29:55.943+0000 [id=69]	INFO	h.p.b.g.GlobalTimeOutConfiguration#load: global timeout not set
2026-01-14 23:29:58.480+0000 [id=62]	INFO	jenkins.InitReactorRunner$1#onAttained: System config loaded
2026-01-14 23:29:58.481+0000 [id=58]	INFO	jenkins.InitReactorRunner$1#onAttained: System config adapted
2026-01-14 23:29:58.562+0000 [id=69]	INFO	jenkins.InitReactorRunner$1#onAttained: Loaded all jobs
2026-01-14 23:29:58.586+0000 [id=68]	INFO	jenkins.InitReactorRunner$1#onAttained: Configuration for all jobs updated
2026-01-14 23:29:58.649+0000 [id=65]	INFO	jenkins.InitReactorRunner$1#onAttained: Completed initialization
2026-01-14 23:29:58.746+0000 [id=40]	INFO	hudson.lifecycle.Lifecycle#onReady: Jenkins is fully up and running
2026-01-14 23:30:09.796+0000 [id=105]	INFO	hudson.model.UpdateCenter#doSafeRestart: Scheduling Jenkins reboot
2026-01-14 23:30:10.546+0000 [id=117]	INFO	hudson.lifecycle.Lifecycle#onStatusUpdate: Restart in 10 seconds
2026-01-14 23:30:20.560+0000 [id=117]	INFO	hudson.lifecycle.Lifecycle#onStop: Stopping Jenkins as requested by mrdumitrel
2026-01-14 23:30:20.563+0000 [id=117]	INFO	hudson.lifecycle.Lifecycle#onStatusUpdate: Stopping Jenkins
2026-01-14 23:30:20.602+0000 [id=117]	INFO	jenkins.model.Jenkins$17#onAttained: Started termination
2026-01-14 23:30:20.602+0000 [id=117]	INFO	h.p.b.global.Lifecycle#shutdown: Shutdown complete - Global TimeOut ScheduledExecutorService had 0 tasks pending
2026-01-14 23:30:20.649+0000 [id=117]	INFO	jenkins.model.Jenkins$17#onAttained: Completed termination
2026-01-14 23:30:20.660+0000 [id=117]	INFO	jenkins.model.Jenkins#_cleanUpDisconnectComputers: Starting node disconnection
2026-01-14 23:30:20.664+0000 [id=117]	INFO	jenkins.model.Jenkins#_cleanUpShutdownPluginManager: Stopping plugin manager
2026-01-14 23:30:20.706+0000 [id=117]	INFO	jenkins.model.Jenkins#_cleanUpPersistQueue: Persisting build queue
2026-01-14 23:30:20.712+0000 [id=117]	INFO	jenkins.model.Jenkins#_cleanUpAwaitDisconnects: Waiting for node disconnection completion
2026-01-14 23:30:20.712+0000 [id=117]	INFO	hudson.lifecycle.Lifecycle#onStatusUpdate: Jenkins stopped
2026-01-14 23:30:24.611+0000 [id=46]	WARNING	h.s.HttpSessionContextIntegrationFilter2#hasInvalidSessionSeed: Encountered IllegalStateException trying to get a user. System init may not have completed yet. Invalidating user session.
2026-01-14 23:30:29.763+0000 [id=1]	INFO	winstone.Logger#logInternal: Beginning extraction from war file
2026-01-14 23:30:29.878+0000 [id=1]	WARNING	o.e.j.ee9.nested.ContextHandler#setContextPath: Empty contextPath
2026-01-14 23:30:29.976+0000 [id=1]	INFO	org.eclipse.jetty.server.Server#doStart: jetty-12.0.25; built: 2025-08-11T23:52:37.219Z; git: a862b76d8372e24205765182d9ae1d1d333ce2ea; jvm 21.0.5+9-LTS-239
2026-01-14 23:30:30.920+0000 [id=1]	INFO	o.e.j.e.w.StandardDescriptorProcessor#visitServlet: NO JSP Support for /, did not find org.eclipse.jetty.ee9.jsp.JettyJspServlet
2026-01-14 23:30:30.979+0000 [id=1]	INFO	o.e.j.s.DefaultSessionIdManager#doStart: Session workerName=node0
2026-01-14 23:30:31.402+0000 [id=1]	INFO	hudson.WebAppMain#contextInitialized: Jenkins home directory: A:\Programe2\Jenkins Code found at: EnvVars.masterEnvVars.get("JENKINS_HOME")
2026-01-14 23:30:31.477+0000 [id=1]	INFO	o.e.j.s.handler.ContextHandler#doStart: Started oeje9n.ContextHandler$CoreContextHandler@3aaf4f07{Jenkins v2.528.3,/,b=file:///C:/Users/Marius/AppData/Local/Jenkins/war/,a=AVAILABLE,h=oeje9n.ContextHandler$CoreContextHandler$CoreToNestedHandler@5cbf9e9f{STARTED}}
2026-01-14 23:30:31.517+0000 [id=1]	INFO	o.e.j.server.AbstractConnector#doStart: Started ServerConnector@41de5768{HTTP/1.1, (http/1.1)}{0.0.0.0:8080}
2026-01-14 23:30:31.537+0000 [id=1]	INFO	org.eclipse.jetty.server.Server#doStart: Started oejs.Server@393671df{STARTING}[12.0.25,sto=0] @2238ms
2026-01-14 23:30:31.537+0000 [id=42]	INFO	winstone.Logger#logInternal: Winstone Servlet Engine running: controlPort=disabled
2026-01-14 23:30:31.678+0000 [id=40]	INFO	jenkins.model.Jenkins#<init>: Starting version 2.528.3
2026-01-14 23:30:31.821+0000 [id=50]	INFO	jenkins.InitReactorRunner$1#onAttained: Started initialization
2026-01-14 23:30:31.928+0000 [id=61]	INFO	jenkins.InitReactorRunner$1#onAttained: Listed all plugins
2026-01-14 23:30:40.946+0000 [id=68]	INFO	jenkins.InitReactorRunner$1#onAttained: Prepared all plugins
2026-01-14 23:30:41.013+0000 [id=53]	INFO	jenkins.InitReactorRunner$1#onAttained: Started all plugins
2026-01-14 23:30:41.029+0000 [id=55]	INFO	jenkins.InitReactorRunner$1#onAttained: Augmented all extensions
2026-01-14 23:30:41.489+0000 [id=56]	INFO	h.p.b.g.GlobalTimeOutConfiguration#load: global timeout not set
2026-01-14 23:30:44.245+0000 [id=55]	INFO	jenkins.InitReactorRunner$1#onAttained: System config loaded
2026-01-14 23:30:44.245+0000 [id=69]	INFO	jenkins.InitReactorRunner$1#onAttained: System config adapted
2026-01-14 23:30:44.328+0000 [id=49]	INFO	jenkins.InitReactorRunner$1#onAttained: Loaded all jobs
2026-01-14 23:30:44.364+0000 [id=49]	INFO	jenkins.InitReactorRunner$1#onAttained: Configuration for all jobs updated
2026-01-14 23:30:44.429+0000 [id=52]	INFO	jenkins.InitReactorRunner$1#onAttained: Completed initialization
2026-01-14 23:30:44.545+0000 [id=40]	INFO	hudson.lifecycle.Lifecycle#onReady: Jenkins is fully up and running
2026-01-14 23:31:33.185+0000 [id=31]	WARNING	h.p.j.FileHistoryDao#getRevisionAmount: Error occurred while trying to calculate the current revision amount: A:\Programe2\Jenkins Code\config-history\jobs\HelloRemus.listFiles(..) returned null.
2026-01-14 23:31:33.186+0000 [id=31]	WARNING	h.p.j.FileHistoryDao#getRevisionAmount: Error occurred while trying to calculate the current revision amount: A:\Programe2\Jenkins Code\config-history\jobs\HelloRemus.listFiles(..) returned null.
2026-01-14 23:31:33.186+0000 [id=31]	WARNING	h.p.j.FileHistoryDao#getRevisionAmount: Error occurred while trying to calculate the current revision amount: A:\Programe2\Jenkins Code\config-history\jobs\HelloRemus.listFiles(..) returned null.
